<?xml version="1.0" encoding="UTF-8"?>
<!-- Generated by org.testng.reporters.JUnitReportReporter -->
<testsuite hostname="Shahil" failures="0" tests="3" name="test.Day6" time="0.007" errors="0" timestamp="2025-06-02T17:17:53 IST" skipped="0">
  <testcase classname="test.Day6" name="WebLoginHome" time="0.004"/>
  <testcase classname="test.Day6" name="WebLoginHome" time="0.001"/>
  <testcase classname="test.Day6" name="WebLoginHome" time="0.002"/>
</testsuite> <!-- test.Day6 -->
