<?xml version="1.0" encoding="UTF-8"?>
<!-- Generated by org.testng.reporters.JUnitReportReporter -->
<testsuite hostname="Shahil" failures="0" tests="2" name="test.Day1" time="0.009" errors="0" timestamp="2025-05-30T16:59:07 IST" skipped="0">
  <testcase classname="test.Day1" name="Demo" time="0.008"/>
  <testcase classname="test.Day1" name="secondClass" time="0.001"/>
</testsuite> <!-- test.Day1 -->
