<?xml version="1.0" encoding="UTF-8"?>
<!-- Generated by org.testng.reporters.JUnitReportReporter -->
<testsuite hostname="Shahil" failures="0" tests="2" name="test.Day4" time="0.003" errors="0" timestamp="2025-05-30T16:59:07 IST" skipped="0">
  <testcase classname="test.Day4" name="APILoginHome" time="0.002"/>
  <testcase classname="test.Day4" name="WebLoginHome" time="0.001"/>
</testsuite> <!-- test.Day4 -->
