<?xml version="1.0" encoding="UTF-8"?>
<!-- Generated by org.testng.reporters.JUnitReportReporter -->
<testsuite hostname="Shahil" failures="0" tests="1" name="test.Day2" time="0.007" errors="0" timestamp="2025-05-30T16:59:07 IST" skipped="0">
  <testcase classname="test.Day2" name="methodFromDay2Class" time="0.007"/>
</testsuite> <!-- test.Day2 -->
