<?xml version="1.0" encoding="UTF-8"?>
<!-- Generated by org.testng.reporters.JUnitReportReporter -->
<testsuite hostname="Shahil" failures="0" tests="3" name="test.Day4" time="0.003" errors="0" timestamp="2025-06-02T16:11:35 IST" skipped="0">
  <testcase classname="test.Day4" name="MobileSignIn" time="0.001"/>
  <testcase classname="test.Day4" name="MobileSignOut" time="0.001"/>
  <testcase classname="test.Day4" name="MobileLoginHome" time="0.001"/>
</testsuite> <!-- test.Day4 -->
