<?xml version="1.0" encoding="UTF-8"?>
<!-- Generated by org.testng.reporters.JUnitReportReporter -->
<testsuite hostname="Shahil" failures="0" tests="1" name="test.Inhritence2" time="0.023" errors="0" timestamp="2025-06-02T18:10:51 IST" skipped="0">
  <testcase classname="test.Inhritence2" name="testRun" time="0.023"/>
</testsuite> <!-- test.Inhritence2 -->
