<?xml version="1.0" encoding="UTF-8"?>
<!-- Generated by org.testng.reporters.JUnitReportReporter -->
<testsuite hostname="Shahil" failures="0" tests="1" name="test.Day3" time="0.002" errors="0" timestamp="2025-06-02T16:11:35 IST" skipped="0">
  <testcase classname="test.Day3" name="MobileLoginCar" time="0.002"/>
</testsuite> <!-- test.Day3 -->
